CRITICAL - 2023-07-29 04:05:33 --> Unmatched ')'
in APPPATH/Views/Inventario/Home.php on line 15.
 1 SYSTEMPATH/View/View.php(227): CodeIgniter\View\View->CodeIgniter\View\{closure}()
 2 SYSTEMPATH/Common.php(1180): CodeIgniter\View\View->render('Inventario/Home', [], true)
 3 APPPATH/Controllers/Home.php(9): view('Inventario/Home')
 4 SYSTEMPATH/CodeIgniter.php(932): App\Controllers\Home->index()
 5 SYSTEMPATH/CodeIgniter.php(497): CodeIgniter\CodeIgniter->runController(Object(App\Controllers\Home))
 6 SYSTEMPATH/CodeIgniter.php(366): CodeIgniter\CodeIgniter->handleRequest(null, Object(Config\Cache), false)
 7 FCPATH/index.php(67): CodeIgniter\CodeIgniter->run()
CRITICAL - 2023-07-29 04:05:55 --> file_get_contents(/www/SistemaDeInventario/app/Views/Inventariodist/css/style.min.css): Failed to open stream: No such file or directory
in APPPATH/Views/Inventario/Home.php on line 15.
 1 [internal function]: CodeIgniter\Debug\Exceptions->errorHandler(2, 'file_get_contents(/www/SistemaDeInventario/app/Views/Inventariodist/css/style.min.css): Failed to open stream: No such file or directory', '/www/SistemaDeInventario/app/Views/Inventario/Home.php', 15)
 2 APPPATH/Views/Inventario/Home.php(15): file_get_contents('/www/SistemaDeInventario/app/Views/Inventariodist/css/style.min.css')
 3 SYSTEMPATH/View/View.php(224): include('/www/SistemaDeInventario/app/Views/Inventario/Home.php')
 4 SYSTEMPATH/View/View.php(227): CodeIgniter\View\View->CodeIgniter\View\{closure}()
 5 SYSTEMPATH/Common.php(1180): CodeIgniter\View\View->render('Inventario/Home', [], true)
 6 APPPATH/Controllers/Home.php(9): view('Inventario/Home')
 7 SYSTEMPATH/CodeIgniter.php(932): App\Controllers\Home->index()
 8 SYSTEMPATH/CodeIgniter.php(497): CodeIgniter\CodeIgniter->runController(Object(App\Controllers\Home))
 9 SYSTEMPATH/CodeIgniter.php(366): CodeIgniter\CodeIgniter->handleRequest(null, Object(Config\Cache), false)
10 FCPATH/index.php(67): CodeIgniter\CodeIgniter->run()
CRITICAL - 2023-07-29 04:46:18 --> syntax error, unexpected token "echo"
in APPPATH/Views/Inventario/Home.php on line 11.
 1 SYSTEMPATH/View/View.php(227): CodeIgniter\View\View->CodeIgniter\View\{closure}()
 2 SYSTEMPATH/Common.php(1180): CodeIgniter\View\View->render('Inventario/Home', [], true)
 3 APPPATH/Controllers/Home.php(9): view('Inventario/Home')
 4 SYSTEMPATH/CodeIgniter.php(932): App\Controllers\Home->index()
 5 SYSTEMPATH/CodeIgniter.php(497): CodeIgniter\CodeIgniter->runController(Object(App\Controllers\Home))
 6 SYSTEMPATH/CodeIgniter.php(366): CodeIgniter\CodeIgniter->handleRequest(null, Object(Config\Cache), false)
 7 FCPATH/index.php(67): CodeIgniter\CodeIgniter->run()
